#
# A fatal error has been detected by the Java Runtime Environment:
#
#  EXCEPTION_ACCESS_VIOLATION (0xc0000005) at pc=0x00007ffeefd236dc, pid=14112, tid=18008
#
# JRE version: Java(TM) SE Runtime Environment (17.0.8+9) (build 17.0.8+9-LTS-211)
# Java VM: Java HotSpot(TM) 64-Bit Server VM (17.0.8+9-LTS-211, mixed mode, sharing, tiered, compressed oops, compressed class ptrs, g1 gc, windows-amd64)
# Problematic frame:
# C  [igxelpicd64.dll+0x1336dc]
#
# No core dump will be written. Minidumps are not enabled by default on client versions of Windows
#
# If you would like to submit a bug report, please visit:
#   https://bugreport.java.com/bugreport/crash.jsp
#

---------------  S U M M A R Y ------------

Command Line: -agentlib:jdwp=transport=dt_socket,server=n,suspend=y,address=localhost:59949 -XX:+ShowCodeDetailsInExceptionMessages code.App

Host: 12th Gen Intel(R) Core(TM) i5-1235U, 12 cores, 15G,  Windows 10 , 64 bit Build 19041 (10.0.19041.3636)
Time: Thu Feb 29 12:18:00 2024 Rom, normaltid elapsed time: 7.464418 seconds (0d 0h 0m 7s)

---------------  T H R E A D  ---------------

Current thread (0x000002352466af80):  VMThread "VM Thread" [stack: 0x000000e6db100000,0x000000e6db200000] [id=18008]

Stack: [0x000000e6db100000,0x000000e6db200000],  sp=0x000000e6db1fe2a0,  free space=1016k
Native frames: (J=compiled Java code, j=interpreted, Vv=VM code, C=native code)
C  [igxelpicd64.dll+0x1336dc]


siginfo: EXCEPTION_ACCESS_VIOLATION (0xc0000005), reading address 0x00000000000356f8


Register to memory mapping:

RIP=0x00007ffeefd236dc igxelpicd64.dll
RAX=0x000002357a9cdcd8 points into unknown readable memory: 0x0000000000005338 | 38 53 00 00 00 00 00 00
RBX=0x000002357a9cdab0 points into unknown readable memory: 0x000002356a864e00 | 00 4e 86 6a 35 02 00 00
RCX=0x0000000000001a72 is an unknown value
RDX=0x0000000000000004 is an unknown value
RSP=0x000000e6db1fe2a0 points into unknown readable memory: 0x000002356a812070 | 70 20 81 6a 35 02 00 00
RBP=0x0 is NULL
RSI=0x000002357a9ce080 points into unknown readable memory: 0x000002357a9d2970 | 70 29 9d 7a 35 02 00 00
RDI=0x000002356becf550 points into unknown readable memory: 0x0b00b55a2b2a0700 | 00 07 2a 2b 5a b5 00 0b
R8 =0x0000000000000014 is an unknown value
R9 =0x0 is NULL
R10=0x0 is NULL
R11=0x0 is NULL
R12=0x0 is NULL
R13=0x000002357a9d2970 points into unknown readable memory: 0x000002356a864e00 | 00 4e 86 6a 35 02 00 00
R14=0x0000000000005300 is an unknown value
R15=0x0000000000000016 is an unknown value


Registers:
RAX=0x000002357a9cdcd8, RBX=0x000002357a9cdab0, RCX=0x0000000000001a72, RDX=0x0000000000000004
RSP=0x000000e6db1fe2a0, RBP=0x0000000000000000, RSI=0x000002357a9ce080, RDI=0x000002356becf550
R8 =0x0000000000000014, R9 =0x0000000000000000, R10=0x0000000000000000, R11=0x0000000000000000
R12=0x0000000000000000, R13=0x000002357a9d2970, R14=0x0000000000005300, R15=0x0000000000000016
RIP=0x00007ffeefd236dc, EFLAGS=0x0000000000010206

Top of Stack: (sp=0x000000e6db1fe2a0)
0x000000e6db1fe2a0:   000002356a812070 00007fff8ad30070
0x000000e6db1fe2b0:   0000000000000001 00007fff8b910e64
0x000000e6db1fe2c0:   000002357f3f0b28 000000e6db1fe369
0x000000e6db1fe2d0:   000000e6db1fe440 0000000000000000
0x000000e6db1fe2e0:   000002356c1ea878 0000000000005344
0x000000e6db1fe2f0:   0000000000000000 0000000000000012
0x000000e6db1fe300:   0000000000000000 0000000000000000
0x000000e6db1fe310:   000000e6db1fe420 00007ffeefe9bcdc
0x000000e6db1fe320:   000002356a812070 000002356becf550
0x000000e6db1fe330:   000000e6db1fe400 0000000000000000
0x000000e6db1fe340:   000000e6000019a8 0000740418db0000
0x000000e6db1fe350:   0000000000000000 000000e6db1fe500
0x000000e6db1fe360:   0000000000000002 000002357f3e0000
0x000000e6db1fe370:   00007fff8b8d79a0 00000004f46857d4
0x000000e6db1fe380:   00000000000004b4 00007ffeefe91a41
0x000000e6db1fe390:   0000000000000002 000000e6db1fe540 

Instructions: (pc=0x00007ffeefd236dc)
0x00007ffeefd235dc:   ec 40 45 8a e1 48 8b fa 48 8b e9 48 8b 1d d2 07
0x00007ffeefd235ec:   e0 00 48 89 58 08 48 8b cb ff 15 15 5b 9a 00 90
0x00007ffeefd235fc:   4c 8b af 78 02 00 00 48 8b 05 56 e4 cf 00 44 8b
0x00007ffeefd2360c:   b8 40 0b 00 00 45 33 db 45 8a f3 4c 89 9f 78 02
0x00007ffeefd2361c:   00 00 44 89 9f 80 02 00 00 4c 89 9f 98 02 00 00
0x00007ffeefd2362c:   4c 89 9f 88 02 00 00 48 85 ed 75 38 8b 35 da e1
0x00007ffeefd2363c:   df 00 65 48 8b 04 25 58 00 00 00 b9 14 00 00 00
0x00007ffeefd2364c:   48 8b 04 f0 44 38 1c 01 0f 84 bd da 86 00 65 48
0x00007ffeefd2365c:   8b 04 25 58 00 00 00 bd 20 00 00 00 48 8b 04 f0
0x00007ffeefd2366c:   48 8b 2c 28 48 3b 2d c9 06 e0 00 45 0f 44 fb 4d
0x00007ffeefd2367c:   85 ed 0f 84 21 01 00 00 44 8a a4 24 90 00 00 00
0x00007ffeefd2368c:   49 8b dd 49 8d b5 d0 05 00 00 4c 8b 2e 45 84 e4
0x00007ffeefd2369c:   0f 85 2a 03 00 00 8b 97 c8 01 00 00 48 8b 05 b1
0x00007ffeefd236ac:   e3 cf 00 83 b8 78 03 00 00 02 75 31 83 fa 10 0f
0x00007ffeefd236bc:   83 20 01 00 00 48 8d 04 d5 21 00 00 00 48 03 c2
0x00007ffeefd236cc:   48 8d 04 c3 48 85 c0 0f 85 ff 00 00 00 49 8b cb
0x00007ffeefd236dc:   48 3b 8d f8 56 03 00 0f 87 f3 02 00 00 4c 39 9b
0x00007ffeefd236ec:   48 06 00 00 0f 85 61 da 86 00 44 8b 97 c8 01 00
0x00007ffeefd236fc:   00 48 8b 87 e0 01 00 00 4c 8b 08 8b 97 c8 01 00
0x00007ffeefd2370c:   00 83 fa 10 0f 83 03 01 00 00 48 8d 04 d5 21 00
0x00007ffeefd2371c:   00 00 48 03 c2 48 8d 04 c3 48 85 c0 0f 85 e2 00
0x00007ffeefd2372c:   00 00 49 8b cb 49 3b c9 0f 86 0e 01 00 00 48 8b
0x00007ffeefd2373c:   87 78 02 00 00 48 89 06 48 89 9f 78 02 00 00 ff
0x00007ffeefd2374c:   87 80 02 00 00 48 8b 43 08 48 8b 88 18 01 00 00
0x00007ffeefd2375c:   48 81 e1 00 00 ff ff 48 81 c1 00 00 01 00 48 01
0x00007ffeefd2376c:   8f 88 02 00 00 48 8b 43 08 48 8b 88 18 01 00 00
0x00007ffeefd2377c:   48 01 8f 98 02 00 00 4d 85 ed 0f 85 00 ff ff ff
0x00007ffeefd2378c:   45 84 f6 44 8a a4 24 98 00 00 00 0f 85 82 03 00
0x00007ffeefd2379c:   00 48 8b 9c 24 80 00 00 00 48 8b cf 45 84 e4 0f
0x00007ffeefd237ac:   85 8a 03 00 00 e8 fa f9 ff ff 90 48 8b cb 48 8b
0x00007ffeefd237bc:   9c 24 88 00 00 00 48 83 c4 40 41 5f 41 5e 41 5d
0x00007ffeefd237cc:   41 5c 5f 5e 5d 48 ff 25 40 59 9a 00 48 8b 48 08 


Stack slot to memory mapping:
stack at sp + 0 slots: 0x000002356a812070 points into unknown readable memory: 0xffffffffffffffff | ff ff ff ff ff ff ff ff
stack at sp + 1 slots: 0x00007fff8ad30070 USER32.dll
stack at sp + 2 slots: 0x0000000000000001 is an unknown value
stack at sp + 3 slots: 0x00007fff8b910e64 ntdll.dll
stack at sp + 4 slots: 0x000002357f3f0b28 points into unknown readable memory: 0x0000008cbbf34ea2 | a2 4e f3 bb 8c 00 00 00
stack at sp + 5 slots: 0x000000e6db1fe369 points into unknown readable memory: 00 3e 7f 35 02 00 00
stack at sp + 6 slots: 0x000000e6db1fe440 points into unknown readable memory: 0x0000000000000000 | 00 00 00 00 00 00 00 00
stack at sp + 7 slots: 0x0 is NULL

VM_Operation (0x000000e6dd6fe7c0): Exit, mode: safepoint, requested by thread 0x000002356bf1ea30


---------------  P R O C E S S  ---------------

Threads class SMR info:
_java_thread_list=0x000002357a25bba0, length=16, elements={
0x0000023524670440, 0x00000235246712b0, 0x0000023524687f80, 0x0000023524688930,
0x00000235246892e0, 0x0000023524689fc0, 0x000002352468d810, 0x000002352468de10,
0x0000023524943c50, 0x0000023524948f40, 0x000002352494e480, 0x0000023524bae920,
0x000002356bec3e50, 0x000002356bf1ea30, 0x000002356bf1e090, 0x000002356bf1d6f0
}

Java Threads: ( => current thread )
  0x0000023524670440 JavaThread "Reference Handler" daemon [_thread_blocked, id=27940, stack(0x000000e6db200000,0x000000e6db300000)]
  0x00000235246712b0 JavaThread "Finalizer" daemon [_thread_blocked, id=16588, stack(0x000000e6db300000,0x000000e6db400000)]
  0x0000023524687f80 JavaThread "Attach Listener" daemon [_thread_blocked, id=1996, stack(0x000000e6db500000,0x000000e6db600000)]
  0x0000023524688930 JavaThread "Service Thread" daemon [_thread_blocked, id=992, stack(0x000000e6db600000,0x000000e6db700000)]
  0x00000235246892e0 JavaThread "Monitor Deflation Thread" daemon [_thread_blocked, id=36064, stack(0x000000e6db700000,0x000000e6db800000)]
  0x0000023524689fc0 JavaThread "C2 CompilerThread0" daemon [_thread_blocked, id=18840, stack(0x000000e6db800000,0x000000e6db900000)]
  0x000002352468d810 JavaThread "C1 CompilerThread0" daemon [_thread_blocked, id=30544, stack(0x000000e6db900000,0x000000e6dba00000)]
  0x000002352468de10 JavaThread "Sweeper thread" daemon [_thread_blocked, id=2572, stack(0x000000e6dba00000,0x000000e6dbb00000)]
  0x0000023524943c50 JavaThread "JDWP Event Helper Thread" daemon [_thread_blocked, id=12852, stack(0x000000e6dbc00000,0x000000e6dbd00000)]
  0x0000023524948f40 JavaThread "Notification Thread" daemon [_thread_blocked, id=22376, stack(0x000000e6dbe00000,0x000000e6dbf00000)]
  0x000002352494e480 JavaThread "Common-Cleaner" daemon [_thread_blocked, id=6044, stack(0x000000e6dc000000,0x000000e6dc100000)]
  0x0000023524bae920 JavaThread "Java2D Disposer" daemon [_thread_blocked, id=3884, stack(0x000000e6dc300000,0x000000e6dc400000)]
  0x000002356bec3e50 JavaThread "HighResTimerThread" daemon [_thread_blocked, id=20560, stack(0x000000e6dd400000,0x000000e6dd500000)]
  0x000002356bf1ea30 JavaThread "main-FPSAWTAnimator#00-Timer0" [_thread_blocked, id=30412, stack(0x000000e6dd600000,0x000000e6dd700000)]
  0x000002356bf1e090 JavaThread "DestroyJavaVM" [_thread_blocked, id=11032, stack(0x000000e6dab00000,0x000000e6dac00000)]
  0x000002356bf1d6f0 JavaThread "AWT-Shutdown" [_thread_blocked, id=9736, stack(0x000000e6dd800000,0x000000e6dd900000)]

Other Threads:
=>0x000002352466af80 VMThread "VM Thread" [stack: 0x000000e6db100000,0x000000e6db200000] [id=18008]
  0x000002357fb8cac0 GCTaskThread "GC Thread#0" [stack: 0x000000e6dac00000,0x000000e6dad00000] [id=21628]
  0x000002356b894760 GCTaskThread "GC Thread#1" [stack: 0x000000e6dc100000,0x000000e6dc200000] [id=36836]
  0x000002356b894a10 GCTaskThread "GC Thread#2" [stack: 0x000000e6dca00000,0x000000e6dcb00000] [id=37220]
  0x000002356b894cc0 GCTaskThread "GC Thread#3" [stack: 0x000000e6dcb00000,0x000000e6dcc00000] [id=30560]
  0x000002356b894f70 GCTaskThread "GC Thread#4" [stack: 0x000000e6dcc00000,0x000000e6dcd00000] [id=36264]
  0x000002356b895220 GCTaskThread "GC Thread#5" [stack: 0x000000e6dcd00000,0x000000e6dce00000] [id=19528]
  0x000002356b8bf260 GCTaskThread "GC Thread#6" [stack: 0x000000e6dce00000,0x000000e6dcf00000] [id=35744]
  0x000002356b8bf510 GCTaskThread "GC Thread#7" [stack: 0x000000e6dcf00000,0x000000e6dd000000] [id=35004]
  0x000002356b8bf7c0 GCTaskThread "GC Thread#8" [stack: 0x000000e6dd000000,0x000000e6dd100000] [id=20696]
  0x000002356b8bfa70 GCTaskThread "GC Thread#9" [stack: 0x000000e6dd100000,0x000000e6dd200000] [id=10976]
  0x000002357fb9e460 ConcurrentGCThread "G1 Main Marker" terminated
  0x000002357fb9fe80 ConcurrentGCThread "G1 Conc#0" [stack: 0x000000e6dae00000,0x000000e6daf00000] [id=22220]
  0x000002357fbee4f0 ConcurrentGCThread "G1 Refine#0" terminated
  0x0000023524525500 ConcurrentGCThread "G1 Service" terminated

Threads with active compile tasks:

VM state: at safepoint (shutting down)

VM Mutex/Monitor currently owned by a thread:  ([mutex/lock_event])
[0x000002357fb16ee0] Threads_lock - owner thread: 0x000002352466af80
[0x000002357fb160d0] Heap_lock - owner thread: 0x000002356bf1ea30

Heap address: 0x0000000705a00000, size: 4006 MB, Compressed Oops mode: Zero based, Oop shift amount: 3

CDS archive(s) mapped at: [0x0000023525000000-0x0000023525bd0000-0x0000023525bd0000), size 12386304, SharedBaseAddress: 0x0000023525000000, ArchiveRelocationMode: 1.
Compressed class space mapped at: 0x0000023526000000-0x0000023566000000, reserved size: 1073741824
Narrow klass base: 0x0000023525000000, Narrow klass shift: 0, Narrow klass range: 0x100000000

GC Precious Log:
 CPUs: 12 total, 12 available
 Memory: 16016M
 Large Page Support: Disabled
 NUMA Support: Disabled
 Compressed Oops: Enabled (Zero based)
 Heap Region Size: 2M
 Heap Min Capacity: 8M
 Heap Initial Capacity: 252M
 Heap Max Capacity: 4006M
 Pre-touch: Disabled
 Parallel Workers: 10
 Concurrent Workers: 3
 Concurrent Refinement Workers: 10
 Periodic GC: Disabled

Heap:
 garbage-first heap   total 258048K, used 22287K [0x0000000705a00000, 0x0000000800000000)
  region size 2048K, 12 young (24576K), 2 survivors (4096K)
 Metaspace       used 12488K, committed 12672K, reserved 1114112K
  class space    used 868K, committed 960K, reserved 1048576K

Heap Regions: E=young(eden), S=young(survivor), O=old, HS=humongous(starts), HC=humongous(continues), CS=collection set, F=free, OA=open archive, CA=closed archive, TAMS=top-at-mark-start (previous, next)
|   0|0x0000000705a00000, 0x0000000705a00000, 0x0000000705c00000|  0%| F|  |TAMS 0x0000000705a00000, 0x0000000705a00000| Untracked 
|   1|0x0000000705c00000, 0x0000000705c00000, 0x0000000705e00000|  0%| F|  |TAMS 0x0000000705c00000, 0x0000000705c00000| Untracked 
|   2|0x0000000705e00000, 0x0000000705e00000, 0x0000000706000000|  0%| F|  |TAMS 0x0000000705e00000, 0x0000000705e00000| Untracked 
|   3|0x0000000706000000, 0x0000000706000000, 0x0000000706200000|  0%| F|  |TAMS 0x0000000706000000, 0x0000000706000000| Untracked 
|   4|0x0000000706200000, 0x0000000706200000, 0x0000000706400000|  0%| F|  |TAMS 0x0000000706200000, 0x0000000706200000| Untracked 
|   5|0x0000000706400000, 0x0000000706400000, 0x0000000706600000|  0%| F|  |TAMS 0x0000000706400000, 0x0000000706400000| Untracked 
|   6|0x0000000706600000, 0x0000000706600000, 0x0000000706800000|  0%| F|  |TAMS 0x0000000706600000, 0x0000000706600000| Untracked 
|   7|0x0000000706800000, 0x0000000706800000, 0x0000000706a00000|  0%| F|  |TAMS 0x0000000706800000, 0x0000000706800000| Untracked 
|   8|0x0000000706a00000, 0x0000000706a00000, 0x0000000706c00000|  0%| F|  |TAMS 0x0000000706a00000, 0x0000000706a00000| Untracked 
|   9|0x0000000706c00000, 0x0000000706c00000, 0x0000000706e00000|  0%| F|  |TAMS 0x0000000706c00000, 0x0000000706c00000| Untracked 
|  10|0x0000000706e00000, 0x0000000706e00000, 0x0000000707000000|  0%| F|  |TAMS 0x0000000706e00000, 0x0000000706e00000| Untracked 
|  11|0x0000000707000000, 0x0000000707000000, 0x0000000707200000|  0%| F|  |TAMS 0x0000000707000000, 0x0000000707000000| Untracked 
|  12|0x0000000707200000, 0x0000000707200000, 0x0000000707400000|  0%| F|  |TAMS 0x0000000707200000, 0x0000000707200000| Untracked 
|  13|0x0000000707400000, 0x0000000707400000, 0x0000000707600000|  0%| F|  |TAMS 0x0000000707400000, 0x0000000707400000| Untracked 
|  14|0x0000000707600000, 0x0000000707600000, 0x0000000707800000|  0%| F|  |TAMS 0x0000000707600000, 0x0000000707600000| Untracked 
|  15|0x0000000707800000, 0x0000000707800000, 0x0000000707a00000|  0%| F|  |TAMS 0x0000000707800000, 0x0000000707800000| Untracked 
|  16|0x0000000707a00000, 0x0000000707a00000, 0x0000000707c00000|  0%| F|  |TAMS 0x0000000707a00000, 0x0000000707a00000| Untracked 
|  17|0x0000000707c00000, 0x0000000707c00000, 0x0000000707e00000|  0%| F|  |TAMS 0x0000000707c00000, 0x0000000707c00000| Untracked 
|  18|0x0000000707e00000, 0x0000000707e00000, 0x0000000708000000|  0%| F|  |TAMS 0x0000000707e00000, 0x0000000707e00000| Untracked 
|  19|0x0000000708000000, 0x0000000708000000, 0x0000000708200000|  0%| F|  |TAMS 0x0000000708000000, 0x0000000708000000| Untracked 
|  20|0x0000000708200000, 0x0000000708200000, 0x0000000708400000|  0%| F|  |TAMS 0x0000000708200000, 0x0000000708200000| Untracked 
|  21|0x0000000708400000, 0x0000000708400000, 0x0000000708600000|  0%| F|  |TAMS 0x0000000708400000, 0x0000000708400000| Untracked 
|  22|0x0000000708600000, 0x0000000708600000, 0x0000000708800000|  0%| F|  |TAMS 0x0000000708600000, 0x0000000708600000| Untracked 
|  23|0x0000000708800000, 0x0000000708800000, 0x0000000708a00000|  0%| F|  |TAMS 0x0000000708800000, 0x0000000708800000| Untracked 
|  24|0x0000000708a00000, 0x0000000708a00000, 0x0000000708c00000|  0%| F|  |TAMS 0x0000000708a00000, 0x0000000708a00000| Untracked 
|  25|0x0000000708c00000, 0x0000000708c00000, 0x0000000708e00000|  0%| F|  |TAMS 0x0000000708c00000, 0x0000000708c00000| Untracked 
|  26|0x0000000708e00000, 0x0000000708e00000, 0x0000000709000000|  0%| F|  |TAMS 0x0000000708e00000, 0x0000000708e00000| Untracked 
|  27|0x0000000709000000, 0x0000000709000000, 0x0000000709200000|  0%| F|  |TAMS 0x0000000709000000, 0x0000000709000000| Untracked 
|  28|0x0000000709200000, 0x0000000709200000, 0x0000000709400000|  0%| F|  |TAMS 0x0000000709200000, 0x0000000709200000| Untracked 
|  29|0x0000000709400000, 0x0000000709400000, 0x0000000709600000|  0%| F|  |TAMS 0x0000000709400000, 0x0000000709400000| Untracked 
|  30|0x0000000709600000, 0x0000000709600000, 0x0000000709800000|  0%| F|  |TAMS 0x0000000709600000, 0x0000000709600000| Untracked 
|  31|0x0000000709800000, 0x0000000709800000, 0x0000000709a00000|  0%| F|  |TAMS 0x0000000709800000, 0x0000000709800000| Untracked 
|  32|0x0000000709a00000, 0x0000000709a00000, 0x0000000709c00000|  0%| F|  |TAMS 0x0000000709a00000, 0x0000000709a00000| Untracked 
|  33|0x0000000709c00000, 0x0000000709c00000, 0x0000000709e00000|  0%| F|  |TAMS 0x0000000709c00000, 0x0000000709c00000| Untracked 
|  34|0x0000000709e00000, 0x0000000709e00000, 0x000000070a000000|  0%| F|  |TAMS 0x0000000709e00000, 0x0000000709e00000| Untracked 
|  35|0x000000070a000000, 0x000000070a000000, 0x000000070a200000|  0%| F|  |TAMS 0x000000070a000000, 0x000000070a000000| Untracked 
|  36|0x000000070a200000, 0x000000070a200000, 0x000000070a400000|  0%| F|  |TAMS 0x000000070a200000, 0x000000070a200000| Untracked 
|  37|0x000000070a400000, 0x000000070a400000, 0x000000070a600000|  0%| F|  |TAMS 0x000000070a400000, 0x000000070a400000| Untracked 
|  38|0x000000070a600000, 0x000000070a600000, 0x000000070a800000|  0%| F|  |TAMS 0x000000070a600000, 0x000000070a600000| Untracked 
|  39|0x000000070a800000, 0x000000070a800000, 0x000000070aa00000|  0%| F|  |TAMS 0x000000070a800000, 0x000000070a800000| Untracked 
|  40|0x000000070aa00000, 0x000000070aa00000, 0x000000070ac00000|  0%| F|  |TAMS 0x000000070aa00000, 0x000000070aa00000| Untracked 
|  41|0x000000070ac00000, 0x000000070ac00000, 0x000000070ae00000|  0%| F|  |TAMS 0x000000070ac00000, 0x000000070ac00000| Untracked 
|  42|0x000000070ae00000, 0x000000070ae00000, 0x000000070b000000|  0%| F|  |TAMS 0x000000070ae00000, 0x000000070ae00000| Untracked 
|  43|0x000000070b000000, 0x000000070b000000, 0x000000070b200000|  0%| F|  |TAMS 0x000000070b000000, 0x000000070b000000| Untracked 
|  44|0x000000070b200000, 0x000000070b200000, 0x000000070b400000|  0%| F|  |TAMS 0x000000070b200000, 0x000000070b200000| Untracked 
|  45|0x000000070b400000, 0x000000070b400000, 0x000000070b600000|  0%| F|  |TAMS 0x000000070b400000, 0x000000070b400000| Untracked 
|  46|0x000000070b600000, 0x000000070b600000, 0x000000070b800000|  0%| F|  |TAMS 0x000000070b600000, 0x000000070b600000| Untracked 
|  47|0x000000070b800000, 0x000000070b800000, 0x000000070ba00000|  0%| F|  |TAMS 0x000000070b800000, 0x000000070b800000| Untracked 
|  48|0x000000070ba00000, 0x000000070ba00000, 0x000000070bc00000|  0%| F|  |TAMS 0x000000070ba00000, 0x000000070ba00000| Untracked 
|  49|0x000000070bc00000, 0x000000070bc00000, 0x000000070be00000|  0%| F|  |TAMS 0x000000070bc00000, 0x000000070bc00000| Untracked 
|  50|0x000000070be00000, 0x000000070be00000, 0x000000070c000000|  0%| F|  |TAMS 0x000000070be00000, 0x000000070be00000| Untracked 
|  51|0x000000070c000000, 0x000000070c000000, 0x000000070c200000|  0%| F|  |TAMS 0x000000070c000000, 0x000000070c000000| Untracked 
|  52|0x000000070c200000, 0x000000070c200000, 0x000000070c400000|  0%| F|  |TAMS 0x000000070c200000, 0x000000070c200000| Untracked 
|  53|0x000000070c400000, 0x000000070c400000, 0x000000070c600000|  0%| F|  |TAMS 0x000000070c400000, 0x000000070c400000| Untracked 
|  54|0x000000070c600000, 0x000000070c600000, 0x000000070c800000|  0%| F|  |TAMS 0x000000070c600000, 0x000000070c600000| Untracked 
|  55|0x000000070c800000, 0x000000070c800000, 0x000000070ca00000|  0%| F|  |TAMS 0x000000070c800000, 0x000000070c800000| Untracked 
|  56|0x000000070ca00000, 0x000000070ca00000, 0x000000070cc00000|  0%| F|  |TAMS 0x000000070ca00000, 0x000000070ca00000| Untracked 
|  57|0x000000070cc00000, 0x000000070cc00000, 0x000000070ce00000|  0%| F|  |TAMS 0x000000070cc00000, 0x000000070cc00000| Untracked 
|  58|0x000000070ce00000, 0x000000070ce00000, 0x000000070d000000|  0%| F|  |TAMS 0x000000070ce00000, 0x000000070ce00000| Untracked 
|  59|0x000000070d000000, 0x000000070d000000, 0x000000070d200000|  0%| F|  |TAMS 0x000000070d000000, 0x000000070d000000| Untracked 
|  60|0x000000070d200000, 0x000000070d200000, 0x000000070d400000|  0%| F|  |TAMS 0x000000070d200000, 0x000000070d200000| Untracked 
|  61|0x000000070d400000, 0x000000070d400000, 0x000000070d600000|  0%| F|  |TAMS 0x000000070d400000, 0x000000070d400000| Untracked 
|  62|0x000000070d600000, 0x000000070d600000, 0x000000070d800000|  0%| F|  |TAMS 0x000000070d600000, 0x000000070d600000| Untracked 
|  63|0x000000070d800000, 0x000000070d800000, 0x000000070da00000|  0%| F|  |TAMS 0x000000070d800000, 0x000000070d800000| Untracked 
|  64|0x000000070da00000, 0x000000070da00000, 0x000000070dc00000|  0%| F|  |TAMS 0x000000070da00000, 0x000000070da00000| Untracked 
|  65|0x000000070dc00000, 0x000000070dc00000, 0x000000070de00000|  0%| F|  |TAMS 0x000000070dc00000, 0x000000070dc00000| Untracked 
|  66|0x000000070de00000, 0x000000070de00000, 0x000000070e000000|  0%| F|  |TAMS 0x000000070de00000, 0x000000070de00000| Untracked 
|  67|0x000000070e000000, 0x000000070e000000, 0x000000070e200000|  0%| F|  |TAMS 0x000000070e000000, 0x000000070e000000| Untracked 
|  68|0x000000070e200000, 0x000000070e200000, 0x000000070e400000|  0%| F|  |TAMS 0x000000070e200000, 0x000000070e200000| Untracked 
|  69|0x000000070e400000, 0x000000070e400000, 0x000000070e600000|  0%| F|  |TAMS 0x000000070e400000, 0x000000070e400000| Untracked 
|  70|0x000000070e600000, 0x000000070e600000, 0x000000070e800000|  0%| F|  |TAMS 0x000000070e600000, 0x000000070e600000| Untracked 
|  71|0x000000070e800000, 0x000000070e800000, 0x000000070ea00000|  0%| F|  |TAMS 0x000000070e800000, 0x000000070e800000| Untracked 
|  72|0x000000070ea00000, 0x000000070ea00000, 0x000000070ec00000|  0%| F|  |TAMS 0x000000070ea00000, 0x000000070ea00000| Untracked 
|  73|0x000000070ec00000, 0x000000070ec00000, 0x000000070ee00000|  0%| F|  |TAMS 0x000000070ec00000, 0x000000070ec00000| Untracked 
|  74|0x000000070ee00000, 0x000000070ee00000, 0x000000070f000000|  0%| F|  |TAMS 0x000000070ee00000, 0x000000070ee00000| Untracked 
|  75|0x000000070f000000, 0x000000070f000000, 0x000000070f200000|  0%| F|  |TAMS 0x000000070f000000, 0x000000070f000000| Untracked 
|  76|0x000000070f200000, 0x000000070f200000, 0x000000070f400000|  0%| F|  |TAMS 0x000000070f200000, 0x000000070f200000| Untracked 
|  77|0x000000070f400000, 0x000000070f400000, 0x000000070f600000|  0%| F|  |TAMS 0x000000070f400000, 0x000000070f400000| Untracked 
|  78|0x000000070f600000, 0x000000070f600000, 0x000000070f800000|  0%| F|  |TAMS 0x000000070f600000, 0x000000070f600000| Untracked 
|  79|0x000000070f800000, 0x000000070f800000, 0x000000070fa00000|  0%| F|  |TAMS 0x000000070f800000, 0x000000070f800000| Untracked 
|  80|0x000000070fa00000, 0x000000070fa00000, 0x000000070fc00000|  0%| F|  |TAMS 0x000000070fa00000, 0x000000070fa00000| Untracked 
|  81|0x000000070fc00000, 0x000000070fc00000, 0x000000070fe00000|  0%| F|  |TAMS 0x000000070fc00000, 0x000000070fc00000| Untracked 
|  82|0x000000070fe00000, 0x000000070fe00000, 0x0000000710000000|  0%| F|  |TAMS 0x000000070fe00000, 0x000000070fe00000| Untracked 
|  83|0x0000000710000000, 0x0000000710000000, 0x0000000710200000|  0%| F|  |TAMS 0x0000000710000000, 0x0000000710000000| Untracked 
|  84|0x0000000710200000, 0x0000000710200000, 0x0000000710400000|  0%| F|  |TAMS 0x0000000710200000, 0x0000000710200000| Untracked 
|  85|0x0000000710400000, 0x0000000710400000, 0x0000000710600000|  0%| F|  |TAMS 0x0000000710400000, 0x0000000710400000| Untracked 
|  86|0x0000000710600000, 0x0000000710600000, 0x0000000710800000|  0%| F|  |TAMS 0x0000000710600000, 0x0000000710600000| Untracked 
|  87|0x0000000710800000, 0x0000000710800000, 0x0000000710a00000|  0%| F|  |TAMS 0x0000000710800000, 0x0000000710800000| Untracked 
|  88|0x0000000710a00000, 0x0000000710a00000, 0x0000000710c00000|  0%| F|  |TAMS 0x0000000710a00000, 0x0000000710a00000| Untracked 
|  89|0x0000000710c00000, 0x0000000710c00000, 0x0000000710e00000|  0%| F|  |TAMS 0x0000000710c00000, 0x0000000710c00000| Untracked 
|  90|0x0000000710e00000, 0x0000000710e00000, 0x0000000711000000|  0%| F|  |TAMS 0x0000000710e00000, 0x0000000710e00000| Untracked 
|  91|0x0000000711000000, 0x0000000711000000, 0x0000000711200000|  0%| F|  |TAMS 0x0000000711000000, 0x0000000711000000| Untracked 
|  92|0x0000000711200000, 0x0000000711200000, 0x0000000711400000|  0%| F|  |TAMS 0x0000000711200000, 0x0000000711200000| Untracked 
|  93|0x0000000711400000, 0x0000000711400000, 0x0000000711600000|  0%| F|  |TAMS 0x0000000711400000, 0x0000000711400000| Untracked 
|  94|0x0000000711600000, 0x0000000711600000, 0x0000000711800000|  0%| F|  |TAMS 0x0000000711600000, 0x0000000711600000| Untracked 
|  95|0x0000000711800000, 0x0000000711800000, 0x0000000711a00000|  0%| F|  |TAMS 0x0000000711800000, 0x0000000711800000| Untracked 
|  96|0x0000000711a00000, 0x0000000711a00000, 0x0000000711c00000|  0%| F|  |TAMS 0x0000000711a00000, 0x0000000711a00000| Untracked 
|  97|0x0000000711c00000, 0x0000000711c00000, 0x0000000711e00000|  0%| F|  |TAMS 0x0000000711c00000, 0x0000000711c00000| Untracked 
|  98|0x0000000711e00000, 0x0000000711e00000, 0x0000000712000000|  0%| F|  |TAMS 0x0000000711e00000, 0x0000000711e00000| Untracked 
|  99|0x0000000712000000, 0x0000000712000000, 0x0000000712200000|  0%| F|  |TAMS 0x0000000712000000, 0x0000000712000000| Untracked 
| 100|0x0000000712200000, 0x0000000712200000, 0x0000000712400000|  0%| F|  |TAMS 0x0000000712200000, 0x0000000712200000| Untracked 
| 101|0x0000000712400000, 0x0000000712400000, 0x0000000712600000|  0%| F|  |TAMS 0x0000000712400000, 0x0000000712400000| Untracked 
| 102|0x0000000712600000, 0x0000000712600000, 0x0000000712800000|  0%| F|  |TAMS 0x0000000712600000, 0x0000000712600000| Untracked 
| 103|0x0000000712800000, 0x0000000712800000, 0x0000000712a00000|  0%| F|  |TAMS 0x0000000712800000, 0x0000000712800000| Untracked 
| 104|0x0000000712a00000, 0x0000000712a00000, 0x0000000712c00000|  0%| F|  |TAMS 0x0000000712a00000, 0x0000000712a00000| Untracked 
| 105|0x0000000712c00000, 0x0000000712c00000, 0x0000000712e00000|  0%| F|  |TAMS 0x0000000712c00000, 0x0000000712c00000| Untracked 
| 106|0x0000000712e00000, 0x0000000712e00000, 0x0000000713000000|  0%| F|  |TAMS 0x0000000712e00000, 0x0000000712e00000| Untracked 
| 107|0x0000000713000000, 0x0000000713000000, 0x0000000713200000|  0%| F|  |TAMS 0x0000000713000000, 0x0000000713000000| Untracked 
| 108|0x0000000713200000, 0x0000000713200000, 0x0000000713400000|  0%| F|  |TAMS 0x0000000713200000, 0x0000000713200000| Untracked 
| 109|0x0000000713400000, 0x0000000713400000, 0x0000000713600000|  0%| F|  |TAMS 0x0000000713400000, 0x0000000713400000| Untracked 
| 110|0x0000000713600000, 0x0000000713600000, 0x0000000713800000|  0%| F|  |TAMS 0x0000000713600000, 0x0000000713600000| Untracked 
| 111|0x0000000713800000, 0x0000000713800000, 0x0000000713a00000|  0%| F|  |TAMS 0x0000000713800000, 0x0000000713800000| Untracked 
| 112|0x0000000713a00000, 0x0000000713a00000, 0x0000000713c00000|  0%| F|  |TAMS 0x0000000713a00000, 0x0000000713a00000| Untracked 
| 113|0x0000000713c00000, 0x0000000713dc3d88, 0x0000000713e00000| 88%| S|CS|TAMS 0x0000000713c00000, 0x0000000713c00000| Complete 
| 114|0x0000000713e00000, 0x0000000714000000, 0x0000000714000000|100%| S|CS|TAMS 0x0000000713e00000, 0x0000000713e00000| Complete 
| 115|0x0000000714000000, 0x0000000714000000, 0x0000000714200000|  0%| F|  |TAMS 0x0000000714000000, 0x0000000714000000| Untracked 
| 116|0x0000000714200000, 0x00000007143ec318, 0x0000000714400000| 96%| E|  |TAMS 0x0000000714200000, 0x0000000714200000| Complete 
| 117|0x0000000714400000, 0x0000000714600000, 0x0000000714600000|100%| E|CS|TAMS 0x0000000714400000, 0x0000000714400000| Complete 
| 118|0x0000000714600000, 0x0000000714800000, 0x0000000714800000|100%| E|CS|TAMS 0x0000000714600000, 0x0000000714600000| Complete 
| 119|0x0000000714800000, 0x0000000714a00000, 0x0000000714a00000|100%| E|CS|TAMS 0x0000000714800000, 0x0000000714800000| Complete 
| 120|0x0000000714a00000, 0x0000000714c00000, 0x0000000714c00000|100%| E|CS|TAMS 0x0000000714a00000, 0x0000000714a00000| Complete 
| 121|0x0000000714c00000, 0x0000000714e00000, 0x0000000714e00000|100%| E|CS|TAMS 0x0000000714c00000, 0x0000000714c00000| Complete 
| 122|0x0000000714e00000, 0x0000000715000000, 0x0000000715000000|100%| E|CS|TAMS 0x0000000714e00000, 0x0000000714e00000| Complete 
| 123|0x0000000715000000, 0x0000000715200000, 0x0000000715200000|100%| E|CS|TAMS 0x0000000715000000, 0x0000000715000000| Complete 
| 124|0x0000000715200000, 0x0000000715400000, 0x0000000715400000|100%| E|CS|TAMS 0x0000000715200000, 0x0000000715200000| Complete 
| 125|0x0000000715400000, 0x0000000715600000, 0x0000000715600000|100%| E|CS|TAMS 0x0000000715400000, 0x0000000715400000| Complete 

Card table byte_map: [0x0000023518c40000,0x0000023519420000] _byte_map_base: 0x0000023515413000

Marking Bits (Prev, Next): (CMBitMap*) 0x000002357fb8e0e0, (CMBitMap*) 0x000002357fb8e120
 Prev Bits: [0x0000023519c00000, 0x000002351da98000)
 Next Bits: [0x000002351daa0000, 0x0000023521938000)

Polling page: 0x000002357f710000

Metaspace:

Usage:
  Non-class:     11.35 MB used.
      Class:    868.08 KB used.
       Both:     12.20 MB used.

Virtual space:
  Non-class space:       64.00 MB reserved,      11.44 MB ( 18%) committed,  1 nodes.
      Class space:        1.00 GB reserved,     960.00 KB ( <1%) committed,  1 nodes.
             Both:        1.06 GB reserved,      12.38 MB (  1%) committed. 

Chunk freelists:
   Non-Class:  3.69 MB
       Class:  14.94 MB
        Both:  18.63 MB

MaxMetaspaceSize: unlimited
CompressedClassSpaceSize: 1.00 GB
Initial GC threshold: 21.00 MB
Current GC threshold: 21.00 MB
CDS: on
MetaspaceReclaimPolicy: balanced
 - commit_granule_bytes: 65536.
 - commit_granule_words: 8192.
 - virtual_space_node_default_size: 8388608.
 - enlarge_chunks_in_place: 1.
 - new_chunks_are_fully_committed: 0.
 - uncommit_free_chunks: 1.
 - use_allocation_guard: 0.
 - handle_deallocations: 1.


Internal statistics:

num_allocs_failed_limit: 0.
num_arena_births: 116.
num_arena_deaths: 0.
num_vsnodes_births: 2.
num_vsnodes_deaths: 0.
num_space_committed: 194.
num_space_uncommitted: 0.
num_chunks_returned_to_freelist: 0.
num_chunks_taken_from_freelist: 380.
num_chunk_merges: 0.
num_chunk_splits: 302.
num_chunks_enlarged: 240.
num_purges: 0.
num_inconsistent_stats: 0.

CodeHeap 'non-profiled nmethods': size=120000Kb used=499Kb max_used=499Kb free=119500Kb
 bounds [0x00000235106b0000, 0x0000023510920000, 0x0000023517be0000]
CodeHeap 'profiled nmethods': size=120000Kb used=3026Kb max_used=3026Kb free=116973Kb
 bounds [0x0000023508be0000, 0x0000023508ee0000, 0x0000023510110000]
CodeHeap 'non-nmethods': size=5760Kb used=1596Kb max_used=1620Kb free=4163Kb
 bounds [0x0000023510110000, 0x0000023510380000, 0x00000235106b0000]
 total_blobs=2474 nmethods=1546 adapters=841
 compilation: enabled
              stopped_count=0, restarted_count=0
 full_count=0

Compilation events (20 events):
Event: 5.910 Thread 0x000002352468d810 1536       3       jogamp.opengl.gl4.GL4bcImpl::glDrawArrays (49 bytes)
Event: 5.910 Thread 0x000002352468d810 nmethod 1536 0x0000023508ed2190 code [0x0000023508ed2420, 0x0000023508ed3028]
Event: 6.106 Thread 0x000002352468d810 1538       3       processing.opengl.PGraphicsOpenGL$Tessellator::clamp2D (55 bytes)
Event: 6.107 Thread 0x000002352468d810 nmethod 1538 0x0000023508ed3490 code [0x0000023508ed3660, 0x0000023508ed3c18]
Event: 6.373 Thread 0x000002352468d810 1539       3       processing.opengl.PGraphicsOpenGL::matrixScale (153 bytes)
Event: 6.373 Thread 0x000002352468d810 nmethod 1539 0x0000023508ed3d90 code [0x0000023508ed3fc0, 0x0000023508ed4878]
Event: 6.390 Thread 0x0000023524689fc0 1540       4       com.jogamp.common.nio.Buffers::isDirect (69 bytes)
Event: 6.390 Thread 0x0000023524689fc0 nmethod 1540 0x000002351072b810 code [0x000002351072b980, 0x000002351072ba38]
Event: 6.406 Thread 0x0000023524689fc0 1541       4       com.jogamp.common.nio.Buffers::getDirectBufferByteOffset (161 bytes)
Event: 6.407 Thread 0x0000023524689fc0 nmethod 1541 0x000002351072bb10 code [0x000002351072bca0, 0x000002351072bdb8]
Event: 6.456 Thread 0x0000023524689fc0 1542       4       jogamp.opengl.GLBufferStateTracker::getBoundBufferObject (221 bytes)
Event: 6.458 Thread 0x0000023524689fc0 nmethod 1542 0x000002351072be90 code [0x000002351072c020, 0x000002351072c178]
Event: 7.024 Thread 0x0000023524689fc0 1543       4       java.lang.Math::abs (14 bytes)
Event: 7.024 Thread 0x0000023524689fc0 nmethod 1543 0x000002351072c310 code [0x000002351072c480, 0x000002351072c4d8]
Event: 7.222 Thread 0x0000023524689fc0 1544       4       processing.opengl.PGraphicsOpenGL$TessGeometry::setPolyVertex (23 bytes)
Event: 7.223 Thread 0x0000023524689fc0 nmethod 1544 0x000002351072c610 code [0x000002351072c7c0, 0x000002351072c8c8]
Event: 7.274 Thread 0x0000023524689fc0 1545       4       jogamp.common.util.locks.RecursiveLockImpl01Unfairish$SingleThreadSync::incrHoldCount (11 bytes)
Event: 7.274 Thread 0x0000023524689fc0 nmethod 1545 0x000002351072c990 code [0x000002351072cb00, 0x000002351072cb78]
Event: 7.289 Thread 0x0000023524689fc0 1546       4       jogamp.common.util.locks.RecursiveLockImpl01Unfairish$SingleThreadSync::decrHoldCount (11 bytes)
Event: 7.289 Thread 0x0000023524689fc0 nmethod 1546 0x000002351072cc90 code [0x000002351072ce00, 0x000002351072ce78]

GC Heap History (2 events):
Event: 0.989 GC heap before
{Heap before GC invocations=0 (full 0):
 garbage-first heap   total 258048K, used 22528K [0x0000000705a00000, 0x0000000800000000)
  region size 2048K, 11 young (22528K), 0 survivors (0K)
 Metaspace       used 10600K, committed 10688K, reserved 1114112K
  class space    used 734K, committed 768K, reserved 1048576K
}
Event: 0.996 GC heap after
{Heap after GC invocations=1 (full 0):
 garbage-first heap   total 258048K, used 3855K [0x0000000705a00000, 0x0000000800000000)
  region size 2048K, 2 young (4096K), 2 survivors (4096K)
 Metaspace       used 10600K, committed 10688K, reserved 1114112K
  class space    used 734K, committed 768K, reserved 1048576K
}

Deoptimization events (20 events):
Event: 7.289 Thread 0x000002356bf1ea30 DEOPT PACKING pc=0x0000023508e7a461 sp=0x000000e6dd6fe8d0
Event: 7.289 Thread 0x000002356bf1ea30 DEOPT UNPACKING pc=0x0000023510162b43 sp=0x000000e6dd6fddc0 mode 1
Event: 7.289 Thread 0x000002356bf1ea30 DEOPT PACKING pc=0x0000023508e66814 sp=0x000000e6dd6fe960
Event: 7.289 Thread 0x000002356bf1ea30 DEOPT UNPACKING pc=0x0000023510162b43 sp=0x000000e6dd6fde08 mode 1
Event: 7.305 Thread 0x000002356bf1ea30 DEOPT PACKING pc=0x0000023508e7a461 sp=0x000000e6dd6fe840
Event: 7.305 Thread 0x000002356bf1ea30 DEOPT UNPACKING pc=0x0000023510162b43 sp=0x000000e6dd6fdd30 mode 1
Event: 7.305 Thread 0x000002356bf1ea30 DEOPT PACKING pc=0x0000023508e66814 sp=0x000000e6dd6fe8d0
Event: 7.305 Thread 0x000002356bf1ea30 DEOPT UNPACKING pc=0x0000023510162b43 sp=0x000000e6dd6fdd78 mode 1
Event: 7.305 Thread 0x000002356bf1ea30 DEOPT PACKING pc=0x0000023508e7a461 sp=0x000000e6dd6fe8d0
Event: 7.305 Thread 0x000002356bf1ea30 DEOPT UNPACKING pc=0x0000023510162b43 sp=0x000000e6dd6fddc0 mode 1
Event: 7.305 Thread 0x000002356bf1ea30 DEOPT PACKING pc=0x0000023508e66814 sp=0x000000e6dd6fe960
Event: 7.305 Thread 0x000002356bf1ea30 DEOPT UNPACKING pc=0x0000023510162b43 sp=0x000000e6dd6fde08 mode 1
Event: 7.325 Thread 0x000002356bf1ea30 DEOPT PACKING pc=0x0000023508e7a461 sp=0x000000e6dd6fe840
Event: 7.325 Thread 0x000002356bf1ea30 DEOPT UNPACKING pc=0x0000023510162b43 sp=0x000000e6dd6fdd30 mode 1
Event: 7.325 Thread 0x000002356bf1ea30 DEOPT PACKING pc=0x0000023508e66814 sp=0x000000e6dd6fe8d0
Event: 7.325 Thread 0x000002356bf1ea30 DEOPT UNPACKING pc=0x0000023510162b43 sp=0x000000e6dd6fdd78 mode 1
Event: 7.325 Thread 0x000002356bf1ea30 DEOPT PACKING pc=0x0000023508e7a461 sp=0x000000e6dd6fe8d0
Event: 7.325 Thread 0x000002356bf1ea30 DEOPT UNPACKING pc=0x0000023510162b43 sp=0x000000e6dd6fddc0 mode 1
Event: 7.325 Thread 0x000002356bf1ea30 DEOPT PACKING pc=0x0000023508e66814 sp=0x000000e6dd6fe960
Event: 7.325 Thread 0x000002356bf1ea30 DEOPT UNPACKING pc=0x0000023510162b43 sp=0x000000e6dd6fde08 mode 1

Classes unloaded (0 events):
No events

Classes redefined (0 events):
No events

Internal exceptions (20 events):
Event: 0.192 Thread 0x000002357fb1b460 Exception <a 'java/lang/NoSuchMethodError'{0x000000071526c4e0}: 'void java.lang.invoke.DirectMethodHandle$Holder.invokeStatic(java.lang.Object, java.lang.Object, java.lang.Object)'> (0x000000071526c4e0) 
thrown [s\open\src\hotspot\share\interpreter\linkResolver.cpp, line 759]
Event: 0.198 Thread 0x000002357fb1b460 Exception <a 'java/lang/ClassNotFoundException'{0x00000007152b5688}: sun/awt/resources/spi/awtProvider> (0x00000007152b5688) 
thrown [s\open\src\hotspot\share\classfile\systemDictionary.cpp, line 256]
Event: 0.215 Thread 0x000002357fb1b460 Exception <a 'java/io/FileNotFoundException'{0x000000071530a6b0}> (0x000000071530a6b0) 
thrown [s\open\src\hotspot\share\prims\jni.cpp, line 516]
Event: 0.219 Thread 0x000002357fb1b460 Exception <a 'java/io/FileNotFoundException'{0x0000000715337c00}> (0x0000000715337c00) 
thrown [s\open\src\hotspot\share\prims\jni.cpp, line 516]
Event: 0.271 Thread 0x000002357fb1b460 Exception <a 'java/lang/NoSuchMethodError'{0x00000007151b4a60}: 'java.lang.Object java.lang.invoke.DirectMethodHandle$Holder.invokeStaticInit(java.lang.Object)'> (0x00000007151b4a60) 
thrown [s\open\src\hotspot\share\interpreter\linkResolver.cpp, line 759]
Event: 0.398 Thread 0x000002357fb1b460 Exception <a 'java/lang/NoSuchMethodError'{0x0000000714a231e8}: 'java.lang.Object java.lang.invoke.DirectMethodHandle$Holder.invokeStaticInit(java.lang.Object, int, int, int, int)'> (0x0000000714a231e8) 
thrown [s\open\src\hotspot\share\interpreter\linkResolver.cpp, line 759]
Event: 0.446 Thread 0x000002357fb1b460 Exception <a 'java/lang/NoSuchMethodError'{0x0000000714b0e500}: 'java.lang.Object java.lang.invoke.DirectMethodHandle$Holder.invokeStaticInit(java.lang.Object, java.lang.Object, int, int, int, int)'> (0x0000000714b0e500) 
thrown [s\open\src\hotspot\share\interpreter\linkResolver.cpp, line 759]
Event: 0.471 Thread 0x000002357fb1b460 Exception <a 'java/lang/NoSuchMethodError'{0x0000000714b19d48}: 'void java.lang.invoke.DirectMethodHandle$Holder.invokeStatic(java.lang.Object, long)'> (0x0000000714b19d48) 
thrown [s\open\src\hotspot\share\interpreter\linkResolver.cpp, line 759]
Event: 0.473 Thread 0x000002357fb1b460 Exception <a 'java/lang/NoSuchMethodError'{0x0000000714b1f328}: 'java.lang.Object java.lang.invoke.DirectMethodHandle$Holder.newInvokeSpecial(java.lang.Object, long)'> (0x0000000714b1f328) 
thrown [s\open\src\hotspot\share\interpreter\linkResolver.cpp, line 759]
Event: 0.476 Thread 0x000002357fb1b460 Exception <a 'java/lang/NoSuchMethodError'{0x0000000714b26580}: 'java.lang.Object java.lang.invoke.DirectMethodHandle$Holder.invokeStatic(java.lang.Object, java.lang.Object, long, java.lang.Object)'> (0x0000000714b26580) 
thrown [s\open\src\hotspot\share\interpreter\linkResolver.cpp, line 759]
Event: 0.476 Thread 0x000002357fb1b460 Exception <a 'java/lang/NoSuchMethodError'{0x0000000714b2a018}: 'java.lang.Object java.lang.invoke.DirectMethodHandle$Holder.invokeStaticInit(java.lang.Object, java.lang.Object, long, java.lang.Object)'> (0x0000000714b2a018) 
thrown [s\open\src\hotspot\share\interpreter\linkResolver.cpp, line 759]
Event: 0.477 Thread 0x000002357fb1b460 Exception <a 'java/lang/NoSuchMethodError'{0x0000000714b305d8}: 'java.lang.Object java.lang.invoke.DirectMethodHandle$Holder.newInvokeSpecial(java.lang.Object, java.lang.Object, long)'> (0x0000000714b305d8) 
thrown [s\open\src\hotspot\share\interpreter\linkResolver.cpp, line 759]
Event: 0.478 Thread 0x000002357fb1b460 Exception <a 'java/lang/NoSuchMethodError'{0x0000000714b34148}: 'java.lang.Object java.lang.invoke.Invokers$Holder.linkToTargetMethod(java.lang.Object, long, java.lang.Object)'> (0x0000000714b34148) 
thrown [s\open\src\hotspot\share\interpreter\linkResolver.cpp, line 759]
Event: 0.609 Thread 0x000002357fb1b460 Exception <a 'java/lang/NoSuchMethodError'{0x00000007148a0860}: 'java.lang.Object java.lang.invoke.DirectMethodHandle$Holder.invokeInterface(java.lang.Object, java.lang.Object)'> (0x00000007148a0860) 
thrown [s\open\src\hotspot\share\interpreter\linkResolver.cpp, line 759]
Event: 0.610 Thread 0x000002357fb1b460 Exception <a 'java/lang/IncompatibleClassChangeError'{0x00000007148a4058}: Found class java.lang.Object, but interface was expected> (0x00000007148a4058) 
thrown [s\open\src\hotspot\share\interpreter\linkResolver.cpp, line 826]
Event: 1.415 Thread 0x000002357fb1b460 Exception <a 'java/lang/NoSuchMethodError'{0x00000007149eccd8}: 'void java.lang.invoke.DirectMethodHandle$Holder.invokeSpecial(java.lang.Object, java.lang.Object, java.lang.Object, java.lang.Object, java.lang.Object)'> (0x00000007149eccd8) 
thrown [s\open\src\hotspot\share\interpreter\linkResolver.cpp, line 759]
Event: 1.416 Thread 0x000002357fb1b460 Exception <a 'java/lang/NoSuchMethodError'{0x00000007149f5c98}: 'void java.lang.invoke.DirectMethodHandle$Holder.invokeSpecial(java.lang.Object, java.lang.Object, java.lang.Object)'> (0x00000007149f5c98) 
thrown [s\open\src\hotspot\share\interpreter\linkResolver.cpp, line 759]
Event: 1.418 Thread 0x000002357fb1b460 Exception <a 'java/lang/NoSuchMethodError'{0x00000007149fef18}: 'void java.lang.invoke.DirectMethodHandle$Holder.invokeSpecial(java.lang.Object, java.lang.Object, int)'> (0x00000007149fef18) 
thrown [s\open\src\hotspot\share\interpreter\linkResolver.cpp, line 759]
Event: 1.419 Thread 0x000002357fb1b460 Exception <a 'java/lang/NoSuchMethodError'{0x00000007146055c8}: 'java.lang.Object java.lang.invoke.DirectMethodHandle$Holder.newInvokeSpecial(java.lang.Object, java.lang.Object, int)'> (0x00000007146055c8) 
thrown [s\open\src\hotspot\share\interpreter\linkResolver.cpp, line 759]
Event: 7.329 Thread 0x000002356bf1bee0 Exception <a 'java/lang/InterruptedException'{0x00000007142f6688}> (0x00000007142f6688) 
thrown [s\open\src\hotspot\share\runtime\objectMonitor.cpp, line 1671]

VM Operations (20 events):
Event: 0.408 Executing VM operation: HandshakeAllThreads done
Event: 0.573 Executing VM operation: HandshakeAllThreads
Event: 0.573 Executing VM operation: HandshakeAllThreads done
Event: 0.581 Executing VM operation: HandshakeAllThreads
Event: 0.581 Executing VM operation: HandshakeAllThreads done
Event: 0.989 Executing VM operation: G1CollectForAllocation
Event: 0.996 Executing VM operation: G1CollectForAllocation done
Event: 1.998 Executing VM operation: Cleanup
Event: 1.999 Executing VM operation: Cleanup done
Event: 2.999 Executing VM operation: Cleanup
Event: 3.000 Executing VM operation: Cleanup done
Event: 4.000 Executing VM operation: Cleanup
Event: 4.000 Executing VM operation: Cleanup done
Event: 5.000 Executing VM operation: Cleanup
Event: 5.000 Executing VM operation: Cleanup done
Event: 6.001 Executing VM operation: Cleanup
Event: 6.002 Executing VM operation: Cleanup done
Event: 7.002 Executing VM operation: Cleanup
Event: 7.003 Executing VM operation: Cleanup done
Event: 7.433 Executing VM operation: Exit

Events (20 events):
Event: 1.672 loading class java/util/NoSuchElementException
Event: 1.672 loading class java/util/NoSuchElementException done
Event: 1.784 Thread 0x000002356c4aa600 Thread exited: 0x000002356c4aa600
Event: 1.784 Thread 0x000002356c4a94d0 Thread exited: 0x000002356c4a94d0
Event: 7.329 Thread 0x000002356bf1bee0 Thread exited: 0x000002356bf1bee0
Event: 7.329 Thread 0x000002356bf1d220 Thread added: 0x000002356bf1d220
Event: 7.329 Thread 0x000002356bf1c880 Thread added: 0x000002356bf1c880
Event: 7.329 Thread 0x000002356bf1e560 Thread added: 0x000002356bf1e560
Event: 7.330 Thread 0x000002356bf1d6f0 Thread added: 0x000002356bf1d6f0
Event: 7.330 loading class java/nio/channels/ClosedChannelException
Event: 7.330 loading class java/nio/channels/ClosedChannelException done
Event: 7.330 Thread 0x000002356bf1e560 Thread exited: 0x000002356bf1e560
Event: 7.331 Thread 0x000002356be8e470 Thread exited: 0x000002356be8e470
Event: 7.336 Thread 0x000002356a158090 Thread exited: 0x000002356a158090
Event: 7.363 Thread 0x000002356b52f470 Thread exited: 0x000002356b52f470
Event: 7.368 Thread 0x000002356bf1c880 Thread exited: 0x000002356bf1c880
Event: 7.431 Thread 0x000002356bf1d220 Thread exited: 0x000002356bf1d220
Event: 7.433 Thread 0x000002352491ef70 Thread exited: 0x000002352491ef70
Event: 7.433 Thread 0x0000023524944140 Thread exited: 0x0000023524944140
Event: 7.433 Thread 0x00000235246846a0 Thread exited: 0x00000235246846a0


Dynamic libraries:
0x00007ff651720000 - 0x00007ff651730000 	C:\Program Files\Java\jdk-17\bin\java.exe
0x00007fff8b870000 - 0x00007fff8ba68000 	C:\WINDOWS\SYSTEM32\ntdll.dll
0x00007fff898b0000 - 0x00007fff8996d000 	C:\WINDOWS\System32\KERNEL32.DLL
0x00007fff890b0000 - 0x00007fff893a6000 	C:\WINDOWS\System32\KERNELBASE.dll
0x00007fff88f60000 - 0x00007fff89060000 	C:\WINDOWS\System32\ucrtbase.dll
0x00007fff83ca0000 - 0x00007fff83cbb000 	C:\Program Files\Java\jdk-17\bin\VCRUNTIME140.dll
0x00007fff83c80000 - 0x00007fff83c99000 	C:\Program Files\Java\jdk-17\bin\jli.dll
0x00007fff8b080000 - 0x00007fff8b133000 	C:\WINDOWS\System32\ADVAPI32.dll
0x00007fff8ac00000 - 0x00007fff8ac9e000 	C:\WINDOWS\System32\msvcrt.dll
0x00007fff89a40000 - 0x00007fff89adf000 	C:\WINDOWS\System32\sechost.dll
0x00007fff8aa00000 - 0x00007fff8ab26000 	C:\WINDOWS\System32\RPCRT4.dll
0x00007fff89880000 - 0x00007fff898a7000 	C:\WINDOWS\System32\bcrypt.dll
0x00007fff8aca0000 - 0x00007fff8ae3e000 	C:\WINDOWS\System32\USER32.dll
0x00007fff88f30000 - 0x00007fff88f52000 	C:\WINDOWS\System32\win32u.dll
0x00007fff6cea0000 - 0x00007fff6d13a000 	C:\WINDOWS\WinSxS\amd64_microsoft.windows.common-controls_6595b64144ccf1df_6.0.19041.3636_none_60b6a03d71f818d5\COMCTL32.dll
0x00007fff8b050000 - 0x00007fff8b07b000 	C:\WINDOWS\System32\GDI32.dll
0x00007fff896d0000 - 0x00007fff897e7000 	C:\WINDOWS\System32\gdi32full.dll
0x00007fff89630000 - 0x00007fff896cd000 	C:\WINDOWS\System32\msvcp_win.dll
0x00007fff87330000 - 0x00007fff8733a000 	C:\WINDOWS\SYSTEM32\VERSION.dll
0x00007fff8b010000 - 0x00007fff8b042000 	C:\WINDOWS\System32\IMM32.DLL
0x00007fff87380000 - 0x00007fff8738c000 	C:\Program Files\Java\jdk-17\bin\vcruntime140_1.dll
0x00007fff53720000 - 0x00007fff537ae000 	C:\Program Files\Java\jdk-17\bin\msvcp140.dll
0x00007ffef2200000 - 0x00007ffef2dde000 	C:\Program Files\Java\jdk-17\bin\server\jvm.dll
0x00007fff8b000000 - 0x00007fff8b008000 	C:\WINDOWS\System32\PSAPI.DLL
0x00007fff68a00000 - 0x00007fff68a27000 	C:\WINDOWS\SYSTEM32\WINMM.dll
0x00007fff873c0000 - 0x00007fff873c9000 	C:\WINDOWS\SYSTEM32\WSOCK32.dll
0x00007fff8ab90000 - 0x00007fff8abfb000 	C:\WINDOWS\System32\WS2_32.dll
0x00007fff87440000 - 0x00007fff87452000 	C:\WINDOWS\SYSTEM32\kernel.appcore.dll
0x00007fff87360000 - 0x00007fff8736a000 	C:\Program Files\Java\jdk-17\bin\jimage.dll
0x00007fff84270000 - 0x00007fff84454000 	C:\WINDOWS\SYSTEM32\DBGHELP.DLL
0x00007fff5f980000 - 0x00007fff5f9b4000 	C:\WINDOWS\SYSTEM32\dbgcore.DLL
0x00007fff897f0000 - 0x00007fff89872000 	C:\WINDOWS\System32\bcryptPrimitives.dll
0x00007fff7a6c0000 - 0x00007fff7a6fb000 	C:\Program Files\Java\jdk-17\bin\jdwp.dll
0x00007fff7e580000 - 0x00007fff7e5a5000 	C:\Program Files\Java\jdk-17\bin\java.dll
0x00007fff4a790000 - 0x00007fff4a867000 	C:\Program Files\Java\jdk-17\bin\jsvml.dll
0x00007fff89d10000 - 0x00007fff8a455000 	C:\WINDOWS\System32\SHELL32.dll
0x00007fff86b90000 - 0x00007fff8732c000 	C:\WINDOWS\SYSTEM32\windows.storage.dll
0x00007fff8a510000 - 0x00007fff8a864000 	C:\WINDOWS\System32\combase.dll
0x00007fff887b0000 - 0x00007fff887de000 	C:\WINDOWS\SYSTEM32\Wldp.dll
0x00007fff89970000 - 0x00007fff89a3d000 	C:\WINDOWS\System32\OLEAUT32.dll
0x00007fff8a950000 - 0x00007fff8a9fd000 	C:\WINDOWS\System32\SHCORE.dll
0x00007fff8ab30000 - 0x00007fff8ab85000 	C:\WINDOWS\System32\shlwapi.dll
0x00007fff88e60000 - 0x00007fff88e85000 	C:\WINDOWS\SYSTEM32\profapi.dll
0x00007fff84080000 - 0x00007fff8408c000 	C:\Program Files\Java\jdk-17\bin\dt_socket.dll
0x00007fff882a0000 - 0x00007fff882db000 	C:\WINDOWS\SYSTEM32\IPHLPAPI.DLL
0x00007fff88590000 - 0x00007fff885fa000 	C:\WINDOWS\system32\mswsock.dll
0x00007fff882e0000 - 0x00007fff883ab000 	C:\WINDOWS\SYSTEM32\DNSAPI.dll
0x00007fff8b200000 - 0x00007fff8b208000 	C:\WINDOWS\System32\NSI.dll
0x00007fff7ed90000 - 0x00007fff7ed9a000 	C:\Windows\System32\rasadhlp.dll
0x00007fff82100000 - 0x00007fff82180000 	C:\WINDOWS\System32\fwpuclnt.dll
0x00007fff7e700000 - 0x00007fff7e719000 	C:\Program Files\Java\jdk-17\bin\net.dll
0x00007fff87e60000 - 0x00007fff87f6a000 	C:\WINDOWS\SYSTEM32\WINHTTP.dll
0x00007fff7a530000 - 0x00007fff7a546000 	C:\Program Files\Java\jdk-17\bin\nio.dll
0x00007fff7a510000 - 0x00007fff7a528000 	C:\Program Files\Java\jdk-17\bin\zip.dll
0x00007fff4a3a0000 - 0x00007fff4a531000 	C:\Program Files\Java\jdk-17\bin\awt.dll
0x00007fff85f70000 - 0x00007fff86000000 	C:\WINDOWS\SYSTEM32\apphelp.dll
0x00007fff861b0000 - 0x00007fff8624e000 	C:\WINDOWS\system32\uxtheme.dll
0x00007fff8ae50000 - 0x00007fff8af64000 	C:\WINDOWS\System32\MSCTF.dll
0x00007fff8b680000 - 0x00007fff8b7ab000 	C:\WINDOWS\System32\ole32.dll
0x00007fff86410000 - 0x00007fff8643f000 	C:\WINDOWS\system32\DWMAPI.DLL
0x00007fff31fc0000 - 0x00007fff320e5000 	C:\WINDOWS\system32\opengl32.dll
0x00007fff53030000 - 0x00007fff5305c000 	C:\WINDOWS\SYSTEM32\GLU32.dll
0x00007fff887f0000 - 0x00007fff88808000 	C:\WINDOWS\SYSTEM32\CRYPTSP.dll
0x00007fff87dd0000 - 0x00007fff87e04000 	C:\WINDOWS\system32\rsaenh.dll
0x00007fff88e20000 - 0x00007fff88e4e000 	C:\WINDOWS\SYSTEM32\USERENV.dll
0x00007fff88720000 - 0x00007fff8872c000 	C:\WINDOWS\SYSTEM32\CRYPTBASE.dll
0x00007fff81160000 - 0x00007fff81177000 	C:\WINDOWS\SYSTEM32\dhcpcsvc6.DLL
0x00007fff81000000 - 0x00007fff8101d000 	C:\WINDOWS\SYSTEM32\dhcpcsvc.DLL
0x00007fff69630000 - 0x00007fff69643000 	C:\Users\kskr\AppData\Local\Temp\jogamp_0000\file_cache\jln4723210901566979281\jln4466313992025521864\natives\windows-amd64\gluegen_rt.dll
0x00007fff84010000 - 0x00007fff84017000 	C:\Program Files\Java\jdk-17\bin\jawt.dll
0x00007fff83ef0000 - 0x00007fff83efd000 	C:\Users\kskr\AppData\Local\Temp\jogamp_0000\file_cache\jln4723210901566979281\jln4466313992025521864\natives\windows-amd64\nativewindow_awt.dll
0x00007fff5f940000 - 0x00007fff5f955000 	C:\Users\kskr\AppData\Local\Temp\jogamp_0000\file_cache\jln4723210901566979281\jln4466313992025521864\natives\windows-amd64\nativewindow_win32.dll
0x00007fff4a1b0000 - 0x00007fff4a233000 	C:\Users\kskr\AppData\Local\Temp\jogamp_0000\file_cache\jln4723210901566979281\jln4466313992025521864\natives\windows-amd64\jogl_desktop.dll
0x00007fff58e70000 - 0x00007fff58ec2000 	C:\Users\kskr\AppData\Local\Temp\jogamp_0000\file_cache\jln4723210901566979281\jln4466313992025521864\natives\windows-amd64\jogl_mobile.dll
0x00007fff8a460000 - 0x00007fff8a509000 	C:\WINDOWS\System32\clbcatq.dll
0x00007ffeefbf0000 - 0x00007ffef0be3000 	C:\WINDOWS\System32\DriverStore\FileRepository\iigd_dch.inf_amd64_a5f7ca5979519929\igxelpicd64.dll
0x00007fff87590000 - 0x00007fff87683000 	C:\WINDOWS\system32\dxgi.dll
0x00007fff0aa90000 - 0x00007fff0aee3000 	C:\WINDOWS\System32\DriverStore\FileRepository\iigd_dch.inf_amd64_a5f7ca5979519929\igdml64.dll
0x00007fff78a60000 - 0x00007fff78e27000 	C:\WINDOWS\System32\DriverStore\FileRepository\iigd_dch.inf_amd64_a5f7ca5979519929\igdgmm64.dll
0x00007fff71200000 - 0x00007fff74812000 	C:\WINDOWS\System32\DriverStore\FileRepository\iigd_dch.inf_amd64_a5f7ca5979519929\igc64.dll
0x00007fff88d90000 - 0x00007fff88ddb000 	C:\WINDOWS\SYSTEM32\powrprof.dll
0x00007fff88d70000 - 0x00007fff88d82000 	C:\WINDOWS\SYSTEM32\UMPDC.dll
0x00007fff5eff0000 - 0x00007fff5f009000 	C:\Users\kskr\AppData\Local\Temp\jogamp_0000\file_cache\jln4723210901566979281\jln4466313992025521864\natives\windows-amd64\newt_head.dll
0x00007fff8b210000 - 0x00007fff8b67e000 	C:\WINDOWS\System32\setupapi.dll
0x00007fff89060000 - 0x00007fff890ae000 	C:\WINDOWS\System32\cfgmgr32.dll
0x00007fff88c50000 - 0x00007fff88c83000 	C:\WINDOWS\SYSTEM32\DEVOBJ.dll
0x00007fff893b0000 - 0x00007fff89417000 	C:\WINDOWS\System32\WINTRUST.dll
0x00007fff894d0000 - 0x00007fff8962d000 	C:\WINDOWS\System32\CRYPT32.dll
0x00007fff88a80000 - 0x00007fff88a92000 	C:\WINDOWS\SYSTEM32\MSASN1.dll
0x00007fff769d0000 - 0x00007fff76ac9000 	C:\WINDOWS\SYSTEM32\textinputframework.dll
0x00007fff85630000 - 0x00007fff8598b000 	C:\WINDOWS\System32\CoreUIComponents.dll
0x00007fff85d10000 - 0x00007fff85e02000 	C:\WINDOWS\System32\CoreMessaging.dll
0x00007fff88000000 - 0x00007fff88033000 	C:\WINDOWS\SYSTEM32\ntmarta.dll
0x00007fff84650000 - 0x00007fff847a5000 	C:\WINDOWS\SYSTEM32\wintypes.dll
0x00007fff688e0000 - 0x00007fff68946000 	C:\WINDOWS\system32\Oleacc.dll

dbghelp: loaded successfully - version: 4.0.5 - missing functions: none
symbol engine: initialized successfully - sym options: 0x614 - pdb path: .;C:\Program Files\Java\jdk-17\bin;C:\WINDOWS\SYSTEM32;C:\WINDOWS\WinSxS\amd64_microsoft.windows.common-controls_6595b64144ccf1df_6.0.19041.3636_none_60b6a03d71f818d5;C:\Program Files\Java\jdk-17\bin\server;C:\Users\kskr\AppData\Local\Temp\jogamp_0000\file_cache\jln4723210901566979281\jln4466313992025521864\natives\windows-amd64;C:\WINDOWS\System32\DriverStore\FileRepository\iigd_dch.inf_amd64_a5f7ca5979519929

VM Arguments:
jvm_args: -agentlib:jdwp=transport=dt_socket,server=n,suspend=y,address=localhost:59949 -XX:+ShowCodeDetailsInExceptionMessages 
java_command: code.App
java_class_path (initial): C:\Users\kskr\OneDrive - EFIF\Dokumenter\VScode\AI_Car\demo\target\classes;C:\Users\kskr\.m2\repository\com\github\micycle1\processing-core-4\4.3\processing-core-4-4.3.jar;C:\Users\kskr\.m2\repository\org\openjfx\javafx-controls\19.0.2.1\javafx-controls-19.0.2.1.jar;C:\Users\kskr\.m2\repository\org\openjfx\javafx-controls\19.0.2.1\javafx-controls-19.0.2.1-win.jar;C:\Users\kskr\.m2\repository\org\openjfx\javafx-graphics\19.0.2.1\javafx-graphics-19.0.2.1.jar;C:\Users\kskr\.m2\repository\org\openjfx\javafx-graphics\19.0.2.1\javafx-graphics-19.0.2.1-win.jar;C:\Users\kskr\.m2\repository\org\openjfx\javafx-base\19.0.2.1\javafx-base-19.0.2.1.jar;C:\Users\kskr\.m2\repository\org\openjfx\javafx-base\19.0.2.1\javafx-base-19.0.2.1-win.jar;C:\Users\kskr\.m2\repository\org\jogamp\jogl\jogl-all-main\2.5.0-rc-20230523\jogl-all-main-2.5.0-rc-20230523.jar;C:\Users\kskr\.m2\repository\org\jogamp\jogl\jogl-all\2.5.0-rc-20230523\jogl-all-2.5.0-rc-20230523.jar;C:\Users\kskr\.m2\repository\org\jogamp\jogl\jogl-all\2.5.0-rc-20230523\jogl-all-2.5.0-rc-20230523-natives-android-aarch64.jar;C:\Users\kskr\.m2\repository\org\jogamp\jogl\jogl-all\2.5.0-rc-20230523\jogl-all-2.5.0-rc-20230523-natives-linux-amd64.jar;C:\Users\kskr\.m2\repository\org\jogamp\jogl\jogl-all\2.5.0-rc-20230523\jogl-all-2.5.0-rc-20230523-natives-linux-armv6hf.jar;C:\Users\kskr\.m2\repository\org\jogamp\jogl\jogl-all\2.5.0-rc-20230523\jogl-all-2.5.0-rc-20230523-natives-linux-aarch64.jar;C:\Users\kskr\.m2\repository\org\jogamp\jogl\jogl-all\2.5.0-rc-20230523\jogl-all-2.5.0-rc-20230523-natives-macosx-universal.jar;C:\Users\kskr\.m2\repository\org\jogamp\jogl\jogl-all\2.5.0-rc-20230523\jogl-all-2.5.0-rc-20230523-natives-windows-amd64.jar;C:\Users\kskr\.m2\repository\org\jogamp\gluegen\gluegen-rt-main\2.5.0-rc-20230523\gluegen-rt-main-2.5.0-rc-20230523.jar;C:\Users\kskr\.m2\repository\org\jogamp\gluegen\gluegen-rt\2.5.0-rc-20230523\gluegen-rt-2.5.0-rc-20230523.jar;C:\Users\kskr\.m2\repository\org\j
Launcher Type: SUN_STANDARD

[Global flags]
     intx CICompilerCount                          = 4                                         {product} {ergonomic}
     uint ConcGCThreads                            = 3                                         {product} {ergonomic}
     uint G1ConcRefinementThreads                  = 10                                        {product} {ergonomic}
   size_t G1HeapRegionSize                         = 2097152                                   {product} {ergonomic}
    uintx GCDrainStackTargetSize                   = 64                                        {product} {ergonomic}
   size_t InitialHeapSize                          = 264241152                                 {product} {ergonomic}
   size_t MarkStackSize                            = 4194304                                   {product} {ergonomic}
   size_t MaxHeapSize                              = 4200595456                                {product} {ergonomic}
   size_t MaxNewSize                               = 2518679552                                {product} {ergonomic}
   size_t MinHeapDeltaBytes                        = 2097152                                   {product} {ergonomic}
   size_t MinHeapSize                              = 8388608                                   {product} {ergonomic}
    uintx NonNMethodCodeHeapSize                   = 5839372                                {pd product} {ergonomic}
    uintx NonProfiledCodeHeapSize                  = 122909434                              {pd product} {ergonomic}
    uintx ProfiledCodeHeapSize                     = 122909434                              {pd product} {ergonomic}
    uintx ReservedCodeCacheSize                    = 251658240                              {pd product} {ergonomic}
     bool SegmentedCodeCache                       = true                                      {product} {ergonomic}
     bool ShowCodeDetailsInExceptionMessages       = true                                   {manageable} {command line}
   size_t SoftMaxHeapSize                          = 4200595456                             {manageable} {ergonomic}
     bool UseCompressedClassPointers               = true                           {product lp64_product} {ergonomic}
     bool UseCompressedOops                        = true                           {product lp64_product} {ergonomic}
     bool UseG1GC                                  = true                                      {product} {ergonomic}
     bool UseLargePagesIndividualAllocation        = false                                  {pd product} {ergonomic}

Logging:
Log output configuration:
 #0: stdout all=off uptime,level,tags
 #1: stderr all=off uptime,level,tags

Environment Variables:
JAVA_HOME=C:\Program Files\Java\jdk-17
PATH=C:\Program Files\Eclipse Adoptium\jdk-17.0.8.7-hotspot\bin;C:\WINDOWS\system32;C:\WINDOWS;C:\WINDOWS\System32\Wbem;C:\WINDOWS\System32\WindowsPowerShell\v1.0\;C:\WINDOWS\System32\OpenSSH\;C:\Program Files\dotnet\;C:\Program Files\Git\cmd;C:\Program Files\PuTTY\;C:\Users\kskr\AppData\Local\Microsoft\WindowsApps;C:\Users\kskr\AppData\Local\Programs\Microsoft VS Code\bin;C:\Users\kskr\.dotnet\tools;C:\Program Files\processing-4.3;C:\Users\kskr\AppData\Local\GitHubDesktop\bin
USERNAME=kskr
LANG=en_US.UTF-8
OS=Windows_NT
PROCESSOR_IDENTIFIER=Intel64 Family 6 Model 154 Stepping 4, GenuineIntel



---------------  S Y S T E M  ---------------

OS:
 Windows 10 , 64 bit Build 19041 (10.0.19041.3636)
OS uptime: 8 days 22:44 hours
Hyper-V role detected

CPU: total 12 (initial active 12) (6 cores per cpu, 2 threads per core) family 6 model 154 stepping 4 microcode 0x42c, cx8, cmov, fxsr, ht, mmx, 3dnowpref, sse, sse2, sse3, ssse3, sse4.1, sse4.2, popcnt, lzcnt, tsc, tscinvbit, avx, avx2, aes, erms, clmul, bmi1, bmi2, adx, sha, fma, vzeroupper, clflush, clflushopt, clwb, hv

Memory: 4k page, system-wide physical 16016M (4035M free)
TotalPageFile size 28304M (AvailPageFile size 7240M)
current process WorkingSet (physical memory assigned to process): 302M, peak: 309M
current process commit charge ("private bytes"): 548M, peak: 556M

vm_info: Java HotSpot(TM) 64-Bit Server VM (17.0.8+9-LTS-211) for windows-amd64 JRE (17.0.8+9-LTS-211), built on Jun 14 2023 10:34:31 by "mach5one" with MS VC++ 17.1 (VS2022)

END.
